[INFO] Scanning for projects...
[INFO]
[INFO] --------------------------< com.example:demo >--------------------------
[INFO] Building backend 0.0.1-SNAPSHOT
[INFO]   from pom.xml
[INFO] --------------------------------[ jar ]---------------------------------
[INFO]
[INFO] >>> spring-boot:3.2.5:run (default-cli) > test-compile @ demo >>>
[INFO]
[INFO] --- resources:3.3.1:resources (default-resources) @ demo ---
[INFO] Copying 1 resource from src/main/resources to target/classes
[INFO] Copying 1 resource from src/main/resources to target/classes
[INFO]
[INFO] --- compiler:3.11.0:compile (default-compile) @ demo ---
[INFO] Nothing to compile - all classes are up to date
[INFO]
[INFO] --- resources:3.3.1:testResources (default-testResources) @ demo ---
[INFO] skip non existing resourceDirectory /app/backend/src/test/resources
[INFO]
[INFO] --- compiler:3.11.0:testCompile (default-testCompile) @ demo ---
[INFO] Nothing to compile - all classes are up to date
[INFO]
[INFO] <<< spring-boot:3.2.5:run (default-cli) < test-compile @ demo <<<
[INFO]
[INFO]
[INFO] --- spring-boot:3.2.5:run (default-cli) @ demo ---
[INFO] Attaching agents: []

  .   ____          _            __ _ _
 /\\ / ___'_ __ _ _(_)_ __  __ _ \ \ \ \
( ( )\___ | '_ | '_| | '_ \/ _` | \ \ \ \
 \\/  ___)| |_)| | | | | || (_| |  ) ) ) )
  '  |____| .__|_| |_|_| |_\__, | / / / /
 =========|_|==============|___/=/_/_/_/
 :: Spring Boot ::                (v3.2.5)

2026-06-23T07:55:27.941Z  INFO 1456114 --- [backend] [           main] com.example.demo.BackendApplication      : Starting BackendApplication using Java 21.0.10 with PID 1456114 (/app/backend/target/classes started by jules in /app/backend)
2026-06-23T07:55:27.945Z  INFO 1456114 --- [backend] [           main] com.example.demo.BackendApplication      : No active profile set, falling back to 1 default profile: "default"
2026-06-23T07:55:28.717Z  INFO 1456114 --- [backend] [           main] .s.d.r.c.RepositoryConfigurationDelegate : Bootstrapping Spring Data JPA repositories in DEFAULT mode.
2026-06-23T07:55:28.783Z  INFO 1456114 --- [backend] [           main] .s.d.r.c.RepositoryConfigurationDelegate : Finished Spring Data repository scanning in 59 ms. Found 3 JPA repository interfaces.
2026-06-23T07:55:30.021Z  INFO 1456114 --- [backend] [           main] o.s.b.w.embedded.tomcat.TomcatWebServer  : Tomcat initialized with port 8080 (http)
2026-06-23T07:55:30.048Z  INFO 1456114 --- [backend] [           main] o.apache.catalina.core.StandardService   : Starting service [Tomcat]
2026-06-23T07:55:30.049Z  INFO 1456114 --- [backend] [           main] o.apache.catalina.core.StandardEngine    : Starting Servlet engine: [Apache Tomcat/10.1.20]
2026-06-23T07:55:30.154Z  INFO 1456114 --- [backend] [           main] o.a.c.c.C.[Tomcat].[localhost].[/]       : Initializing Spring embedded WebApplicationContext
2026-06-23T07:55:30.156Z  INFO 1456114 --- [backend] [           main] w.s.c.ServletWebServerApplicationContext : Root WebApplicationContext: initialization completed in 2121 ms
2026-06-23T07:55:30.446Z  INFO 1456114 --- [backend] [           main] o.hibernate.jpa.internal.util.LogHelper  : HHH000204: Processing PersistenceUnitInfo [name: default]
2026-06-23T07:55:30.536Z  INFO 1456114 --- [backend] [           main] org.hibernate.Version                    : HHH000412: Hibernate ORM core version 6.4.4.Final
2026-06-23T07:55:30.615Z  INFO 1456114 --- [backend] [           main] o.h.c.internal.RegionFactoryInitiator    : HHH000026: Second-level cache disabled
2026-06-23T07:55:30.896Z  INFO 1456114 --- [backend] [           main] o.s.o.j.p.SpringPersistenceUnitInfo      : No LoadTimeWeaver setup: ignoring JPA class transformer
2026-06-23T07:55:30.921Z  INFO 1456114 --- [backend] [           main] com.zaxxer.hikari.HikariDataSource       : HikariPool-1 - Starting...
2026-06-23T07:55:31.144Z  INFO 1456114 --- [backend] [           main] com.zaxxer.hikari.pool.HikariPool        : HikariPool-1 - Added connection conn0: url=jdbc:h2:mem:vapestore user=SA
2026-06-23T07:55:31.148Z  INFO 1456114 --- [backend] [           main] com.zaxxer.hikari.HikariDataSource       : HikariPool-1 - Start completed.
2026-06-23T07:55:31.180Z  WARN 1456114 --- [backend] [           main] org.hibernate.orm.deprecation            : HHH90000025: H2Dialect does not need to be specified explicitly using 'hibernate.dialect' (remove the property setting and it will be selected by default)
2026-06-23T07:55:32.413Z  INFO 1456114 --- [backend] [           main] o.h.e.t.j.p.i.JtaPlatformInitiator       : HHH000489: No JTA platform available (set 'hibernate.transaction.jta.platform' to enable JTA platform integration)
Hibernate: create table product (instore_code bigint generated by default as identity, barcode varchar(255), battery_type varchar(255), category varchar(255), color varchar(255), description varchar(255), flavor varchar(255), image_url varchar(255), ingredients varchar(255), is_available boolean, milliliters integer, name varchar(255), nicotine_strength varchar(255), purchase_price float(53), retail_price float(53), store_id varchar(255), sub_category varchar(255), tank_capacity float(53), wattage integer, primary key (instore_code))
Hibernate: create table store_settings (id varchar(255) not null, address varchar(255), facebook varchar(255), instagram varchar(255), logo_url varchar(255), store_name varchar(255), tiktok varchar(255), whatsapp varchar(255), primary key (id))
Hibernate: create table users (id bigint generated by default as identity, password varchar(255) not null, store_id varchar(255), username varchar(255) not null, primary key (id))
Hibernate: alter table if exists users drop constraint if exists UK_r43af9ap4edm43mmtq01oddj6
Hibernate: alter table if exists users add constraint UK_r43af9ap4edm43mmtq01oddj6 unique (username)
2026-06-23T07:55:32.499Z  INFO 1456114 --- [backend] [           main] j.LocalContainerEntityManagerFactoryBean : Initialized JPA EntityManagerFactory for persistence unit 'default'
2026-06-23T07:55:33.194Z  WARN 1456114 --- [backend] [           main] JpaBaseConfiguration$JpaWebConfiguration : spring.jpa.open-in-view is enabled by default. Therefore, database queries may be performed during view rendering. Explicitly configure spring.jpa.open-in-view to disable this warning
2026-06-23T07:55:33.520Z  INFO 1456114 --- [backend] [           main] o.s.s.web.DefaultSecurityFilterChain     : Will secure any request with [org.springframework.security.web.session.DisableEncodeUrlFilter@4844e24b, org.springframework.security.web.context.request.async.WebAsyncManagerIntegrationFilter@2571bdf4, org.springframework.security.web.context.SecurityContextHolderFilter@38f569d, org.springframework.security.web.header.HeaderWriterFilter@733345f5, org.springframework.web.filter.CorsFilter@241abc2, org.springframework.security.web.authentication.logout.LogoutFilter@b0d4873, com.example.demo.security.AuthTokenFilter@394b9e22, org.springframework.security.web.savedrequest.RequestCacheAwareFilter@755a90a6, org.springframework.security.web.servletapi.SecurityContextHolderAwareRequestFilter@5862ab28, org.springframework.security.web.authentication.AnonymousAuthenticationFilter@7e5e7753, org.springframework.security.web.session.SessionManagementFilter@329aa2d1, org.springframework.security.web.access.ExceptionTranslationFilter@67167f8f, org.springframework.security.web.access.intercept.AuthorizationFilter@36dc6b9]
2026-06-23T07:55:34.052Z  INFO 1456114 --- [backend] [           main] o.s.b.w.embedded.tomcat.TomcatWebServer  : Tomcat started on port 8080 (http) with context path ''
2026-06-23T07:55:34.061Z  INFO 1456114 --- [backend] [           main] com.example.demo.BackendApplication      : Started BackendApplication in 6.712 seconds (process running for 7.628)
2026-06-23T08:00:06.284Z  INFO 1456114 --- [backend] [nio-8080-exec-1] o.a.c.c.C.[Tomcat].[localhost].[/]       : Initializing Spring DispatcherServlet 'dispatcherServlet'
2026-06-23T08:00:06.287Z  INFO 1456114 --- [backend] [nio-8080-exec-1] o.s.web.servlet.DispatcherServlet        : Initializing Servlet 'dispatcherServlet'
2026-06-23T08:00:06.296Z  INFO 1456114 --- [backend] [nio-8080-exec-1] o.s.web.servlet.DispatcherServlet        : Completed initialization in 9 ms
Hibernate: select ss1_0.id,ss1_0.address,ss1_0.facebook,ss1_0.instagram,ss1_0.logo_url,ss1_0.store_name,ss1_0.tiktok,ss1_0.whatsapp from store_settings ss1_0 where ss1_0.id=?
Hibernate: select p1_0.instore_code,p1_0.barcode,p1_0.battery_type,p1_0.category,p1_0.color,p1_0.description,p1_0.flavor,p1_0.image_url,p1_0.ingredients,p1_0.is_available,p1_0.milliliters,p1_0.name,p1_0.nicotine_strength,p1_0.purchase_price,p1_0.retail_price,p1_0.store_id,p1_0.sub_category,p1_0.tank_capacity,p1_0.wattage from product p1_0 where p1_0.store_id=?
Hibernate: select ss1_0.id,ss1_0.address,ss1_0.facebook,ss1_0.instagram,ss1_0.logo_url,ss1_0.store_name,ss1_0.tiktok,ss1_0.whatsapp from store_settings ss1_0 where ss1_0.id=?
Hibernate: select p1_0.instore_code,p1_0.barcode,p1_0.battery_type,p1_0.category,p1_0.color,p1_0.description,p1_0.flavor,p1_0.image_url,p1_0.ingredients,p1_0.is_available,p1_0.milliliters,p1_0.name,p1_0.nicotine_strength,p1_0.purchase_price,p1_0.retail_price,p1_0.store_id,p1_0.sub_category,p1_0.tank_capacity,p1_0.wattage from product p1_0 where p1_0.store_id=?
Hibernate: select ss1_0.id,ss1_0.address,ss1_0.facebook,ss1_0.instagram,ss1_0.logo_url,ss1_0.store_name,ss1_0.tiktok,ss1_0.whatsapp from store_settings ss1_0 where ss1_0.id=?
Hibernate: select p1_0.instore_code,p1_0.barcode,p1_0.battery_type,p1_0.category,p1_0.color,p1_0.description,p1_0.flavor,p1_0.image_url,p1_0.ingredients,p1_0.is_available,p1_0.milliliters,p1_0.name,p1_0.nicotine_strength,p1_0.purchase_price,p1_0.retail_price,p1_0.store_id,p1_0.sub_category,p1_0.tank_capacity,p1_0.wattage from product p1_0 where p1_0.store_id=?
Hibernate: select p1_0.instore_code,p1_0.barcode,p1_0.battery_type,p1_0.category,p1_0.color,p1_0.description,p1_0.flavor,p1_0.image_url,p1_0.ingredients,p1_0.is_available,p1_0.milliliters,p1_0.name,p1_0.nicotine_strength,p1_0.purchase_price,p1_0.retail_price,p1_0.store_id,p1_0.sub_category,p1_0.tank_capacity,p1_0.wattage from product p1_0 where p1_0.store_id=?
Hibernate: select ss1_0.id,ss1_0.address,ss1_0.facebook,ss1_0.instagram,ss1_0.logo_url,ss1_0.store_name,ss1_0.tiktok,ss1_0.whatsapp from store_settings ss1_0 where ss1_0.id=?
Hibernate: select ss1_0.id,ss1_0.address,ss1_0.facebook,ss1_0.instagram,ss1_0.logo_url,ss1_0.store_name,ss1_0.tiktok,ss1_0.whatsapp from store_settings ss1_0 where ss1_0.id=?
