[INFO] Scanning for projects...
[INFO]
[INFO] --------------------------< com.example:demo >--------------------------
[INFO] Building backend 0.0.1-SNAPSHOT
[INFO]   from pom.xml
[INFO] --------------------------------[ jar ]---------------------------------
[INFO]
[INFO] >>> spring-boot:3.2.5:run (default-cli) > test-compile @ demo >>>
[INFO]
[INFO] --- resources:3.3.1:resources (default-resources) @ demo ---
[INFO] Copying 1 resource from src/main/resources to target/classes
[INFO] Copying 1 resource from src/main/resources to target/classes
[INFO]
[INFO] --- compiler:3.11.0:compile (default-compile) @ demo ---
[INFO] Nothing to compile - all classes are up to date
[INFO]
[INFO] --- resources:3.3.1:testResources (default-testResources) @ demo ---
[INFO] skip non existing resourceDirectory /app/backend/src/test/resources
[INFO]
[INFO] --- compiler:3.11.0:testCompile (default-testCompile) @ demo ---
[INFO] Nothing to compile - all classes are up to date
[INFO]
[INFO] <<< spring-boot:3.2.5:run (default-cli) < test-compile @ demo <<<
[INFO]
[INFO]
[INFO] --- spring-boot:3.2.5:run (default-cli) @ demo ---
[INFO] Attaching agents: []

  .   ____          _            __ _ _
 /\\ / ___'_ __ _ _(_)_ __  __ _ \ \ \ \
( ( )\___ | '_ | '_| | '_ \/ _` | \ \ \ \
 \\/  ___)| |_)| | | | | || (_| |  ) ) ) )
  '  |____| .__|_| |_|_| |_\__, | / / / /
 =========|_|==============|___/=/_/_/_/
 :: Spring Boot ::                (v3.2.5)

2026-06-29T09:15:32.786Z  INFO 3013032 --- [backend] [           main] com.example.demo.BackendApplication      : Starting BackendApplication using Java 21.0.10 with PID 3013032 (/app/backend/target/classes started by jules in /app/backend)
2026-06-29T09:15:32.790Z  INFO 3013032 --- [backend] [           main] com.example.demo.BackendApplication      : No active profile set, falling back to 1 default profile: "default"
2026-06-29T09:15:33.548Z  INFO 3013032 --- [backend] [           main] .s.d.r.c.RepositoryConfigurationDelegate : Bootstrapping Spring Data JPA repositories in DEFAULT mode.
2026-06-29T09:15:33.619Z  INFO 3013032 --- [backend] [           main] .s.d.r.c.RepositoryConfigurationDelegate : Finished Spring Data repository scanning in 64 ms. Found 3 JPA repository interfaces.
2026-06-29T09:15:34.303Z  INFO 3013032 --- [backend] [           main] o.s.b.w.embedded.tomcat.TomcatWebServer  : Tomcat initialized with port 8080 (http)
2026-06-29T09:15:34.320Z  INFO 3013032 --- [backend] [           main] o.apache.catalina.core.StandardService   : Starting service [Tomcat]
2026-06-29T09:15:34.320Z  INFO 3013032 --- [backend] [           main] o.apache.catalina.core.StandardEngine    : Starting Servlet engine: [Apache Tomcat/10.1.20]
2026-06-29T09:15:34.388Z  INFO 3013032 --- [backend] [           main] o.a.c.c.C.[Tomcat].[localhost].[/]       : Initializing Spring embedded WebApplicationContext
2026-06-29T09:15:34.390Z  INFO 3013032 --- [backend] [           main] w.s.c.ServletWebServerApplicationContext : Root WebApplicationContext: initialization completed in 1545 ms
2026-06-29T09:15:34.567Z  INFO 3013032 --- [backend] [           main] o.hibernate.jpa.internal.util.LogHelper  : HHH000204: Processing PersistenceUnitInfo [name: default]
2026-06-29T09:15:34.625Z  INFO 3013032 --- [backend] [           main] org.hibernate.Version                    : HHH000412: Hibernate ORM core version 6.4.4.Final
2026-06-29T09:15:34.665Z  INFO 3013032 --- [backend] [           main] o.h.c.internal.RegionFactoryInitiator    : HHH000026: Second-level cache disabled
2026-06-29T09:15:34.958Z  INFO 3013032 --- [backend] [           main] o.s.o.j.p.SpringPersistenceUnitInfo      : No LoadTimeWeaver setup: ignoring JPA class transformer
2026-06-29T09:15:34.988Z  INFO 3013032 --- [backend] [           main] com.zaxxer.hikari.HikariDataSource       : HikariPool-1 - Starting...
2026-06-29T09:15:35.460Z  INFO 3013032 --- [backend] [           main] com.zaxxer.hikari.pool.HikariPool        : HikariPool-1 - Added connection com.mysql.cj.jdbc.ConnectionImpl@598657cd
2026-06-29T09:15:35.462Z  INFO 3013032 --- [backend] [           main] com.zaxxer.hikari.HikariDataSource       : HikariPool-1 - Start completed.
2026-06-29T09:15:35.524Z  WARN 3013032 --- [backend] [           main] org.hibernate.orm.deprecation            : HHH90000025: MySQLDialect does not need to be specified explicitly using 'hibernate.dialect' (remove the property setting and it will be selected by default)
2026-06-29T09:15:36.491Z  INFO 3013032 --- [backend] [           main] o.h.e.t.j.p.i.JtaPlatformInitiator       : HHH000489: No JTA platform available (set 'hibernate.transaction.jta.platform' to enable JTA platform integration)
2026-06-29T09:15:36.546Z  INFO 3013032 --- [backend] [           main] j.LocalContainerEntityManagerFactoryBean : Initialized JPA EntityManagerFactory for persistence unit 'default'
Hibernate: select count(*) from users u1_0
2026-06-29T09:15:37.532Z  WARN 3013032 --- [backend] [           main] JpaBaseConfiguration$JpaWebConfiguration : spring.jpa.open-in-view is enabled by default. Therefore, database queries may be performed during view rendering. Explicitly configure spring.jpa.open-in-view to disable this warning
2026-06-29T09:15:37.878Z  INFO 3013032 --- [backend] [           main] o.s.s.web.DefaultSecurityFilterChain     : Will secure any request with [org.springframework.security.web.session.DisableEncodeUrlFilter@67915454, org.springframework.security.web.context.request.async.WebAsyncManagerIntegrationFilter@18876fa9, org.springframework.security.web.context.SecurityContextHolderFilter@6d18401b, org.springframework.security.web.header.HeaderWriterFilter@4eee730c, org.springframework.web.filter.CorsFilter@5a110e7d, org.springframework.security.web.authentication.logout.LogoutFilter@66c88fce, com.example.demo.security.AuthTokenFilter@575cfec1, org.springframework.security.web.savedrequest.RequestCacheAwareFilter@8e100e7, org.springframework.security.web.servletapi.SecurityContextHolderAwareRequestFilter@420dde28, org.springframework.security.web.authentication.AnonymousAuthenticationFilter@b3cbc0e, org.springframework.security.web.session.SessionManagementFilter@47a68e3f, org.springframework.security.web.access.ExceptionTranslationFilter@11ec699, org.springframework.security.web.access.intercept.AuthorizationFilter@21dbd651]
2026-06-29T09:15:38.150Z  INFO 3013032 --- [backend] [           main] o.s.b.w.embedded.tomcat.TomcatWebServer  : Tomcat started on port 8080 (http) with context path ''
2026-06-29T09:15:38.161Z  INFO 3013032 --- [backend] [           main] com.example.demo.BackendApplication      : Started BackendApplication in 5.809 seconds (process running for 6.194)
